This file contains any messages produced by compilers while
running configure, to aid debugging if configure makes a mistake.

It was created by editline configure 1.17.1, which was
generated by GNU Autoconf 2.69.  Invocation command line was

  $ ./configure 

## --------- ##
## Platform. ##
## --------- ##

hostname = somtos-hp-pavilion-14
uname -m = x86_64
uname -r = 6.5.0-14-generic
uname -s = Linux
uname -v = #14~22.04.1-Ubuntu SMP PREEMPT_DYNAMIC Mon Nov 20 18:15:30 UTC 2

/usr/bin/uname -p = x86_64
/bin/uname -X     = unknown

/bin/arch              = x86_64
/usr/bin/arch -k       = unknown
/usr/convex/getsysinfo = unknown
/usr/bin/hostinfo      = unknown
/bin/machine           = unknown
/usr/bin/oslevel       = unknown
/bin/universe          = unknown

PATH: /home/somto/google-cloud-sdk/bin
PATH: /home/somto/.cargo/bin
PATH: /home/somto/.local/bin
PATH: /usr/local/sbin
PATH: /usr/local/bin
PATH: /usr/sbin
PATH: /usr/bin
PATH: /sbin
PATH: /bin
PATH: /usr/games
PATH: /usr/local/games
PATH: /snap/bin
PATH: /snap/bin
PATH: /home/somto/.local/share/JetBrains/Toolbox/scripts


## ----------- ##
## Core tests. ##
## ----------- ##

configure:2340: checking for a BSD-compatible install
configure:2408: result: /usr/bin/install -c
configure:2419: checking whether build environment is sane
configure:2474: result: yes
configure:2625: checking for a thread-safe mkdir -p
configure:2664: result: /usr/bin/mkdir -p
configure:2671: checking for gawk
configure:2701: result: no
configure:2671: checking for mawk
configure:2687: found /usr/bin/mawk
configure:2698: result: mawk
configure:2709: checking whether make sets $(MAKE)
configure:2731: result: yes
configure:2760: checking whether make supports nested variables
configure:2777: result: yes
configure:2914: checking whether make supports nested variables
configure:2931: result: yes
configure:2999: checking for gcc
configure:3015: found /usr/bin/gcc
configure:3026: result: gcc
configure:3255: checking for C compiler version
configure:3264: gcc --version >&5
gcc (Ubuntu 11.4.0-1ubuntu1~22.04) 11.4.0
Copyright (C) 2021 Free Software Foundation, Inc.
This is free software; see the source for copying conditions.  There is NO
warranty; not even for MERCHANTABILITY or FITNESS FOR A PARTICULAR PURPOSE.

configure:3275: $? = 0
configure:3264: gcc -v >&5
Using built-in specs.
COLLECT_GCC=gcc
COLLECT_LTO_WRAPPER=/usr/lib/gcc/x86_64-linux-gnu/11/lto-wrapper
OFFLOAD_TARGET_NAMES=nvptx-none:amdgcn-amdhsa
OFFLOAD_TARGET_DEFAULT=1
Target: x86_64-linux-gnu
Configured with: ../src/configure -v --with-pkgversion='Ubuntu 11.4.0-1ubuntu1~22.04' --with-bugurl=file:///usr/share/doc/gcc-11/README.Bugs --enable-languages=c,ada,c++,go,brig,d,fortran,objc,obj-c++,m2 --prefix=/usr --with-gcc-major-version-only --program-suffix=-11 --program-prefix=x86_64-linux-gnu- --enable-shared --enable-linker-build-id --libexecdir=/usr/lib --without-included-gettext --enable-threads=posix --libdir=/usr/lib --enable-nls --enable-bootstrap --enable-clocale=gnu --enable-libstdcxx-debug --enable-libstdcxx-time=yes --with-default-libstdcxx-abi=new --enable-gnu-unique-object --disable-vtable-verify --enable-plugin --enable-default-pie --with-system-zlib --enable-libphobos-checking=release --with-target-system-zlib=auto --enable-objc-gc=auto --enable-multiarch --disable-werror --enable-cet --with-arch-32=i686 --with-abi=m64 --with-multilib-list=m32,m64,mx32 --enable-multilib --with-tune=generic --enable-offload-targets=nvptx-none=/build/gcc-11-XeT9lY/gcc-11-11.4.0/debian/tmp-nvptx/usr,amdgcn-amdhsa=/build/gcc-11-XeT9lY/gcc-11-11.4.0/debian/tmp-gcn/usr --without-cuda-driver --enable-checking=release --build=x86_64-linux-gnu --host=x86_64-linux-gnu --target=x86_64-linux-gnu --with-build-config=bootstrap-lto-lean --enable-link-serialization=2
Thread model: posix
Supported LTO compression algorithms: zlib zstd
gcc version 11.4.0 (Ubuntu 11.4.0-1ubuntu1~22.04) 
... rest of stderr output deleted ...
configure:3275: $? = 0
configure:3264: gcc -V >&5
gcc: error: unrecognized command-line option '-V'
gcc: fatal error: no input files
compilation terminated.
configure:3275: $? = 1
configure:3264: gcc -qversion >&5
gcc: error: unrecognized command-line option '-qversion'; did you mean '--version'?
gcc: fatal error: no input files
compilation terminated.
configure:3275: $? = 1
configure:3295: checking whether the C compiler works
configure:3317: gcc    conftest.c  >&5
configure:3321: $? = 0
configure:3369: result: yes
configure:3372: checking for C compiler default output file name
configure:3374: result: a.out
configure:3380: checking for suffix of executables
configure:3387: gcc -o conftest    conftest.c  >&5
configure:3391: $? = 0
configure:3413: result: 
configure:3435: checking whether we are cross compiling
configure:3443: gcc -o conftest    conftest.c  >&5
configure:3447: $? = 0
configure:3454: ./conftest
configure:3458: $? = 0
configure:3473: result: no
configure:3478: checking for suffix of object files
configure:3500: gcc -c   conftest.c >&5
configure:3504: $? = 0
configure:3525: result: o
configure:3529: checking whether we are using the GNU C compiler
configure:3548: gcc -c   conftest.c >&5
configure:3548: $? = 0
configure:3557: result: yes
configure:3566: checking whether gcc accepts -g
configure:3586: gcc -c -g  conftest.c >&5
configure:3586: $? = 0
configure:3627: result: yes
configure:3644: checking for gcc option to accept ISO C89
configure:3707: gcc  -c -g -O2  conftest.c >&5
configure:3707: $? = 0
configure:3720: result: none needed
configure:3745: checking whether gcc understands -c and -o together
configure:3767: gcc -c conftest.c -o conftest2.o
configure:3770: $? = 0
configure:3767: gcc -c conftest.c -o conftest2.o
configure:3770: $? = 0
configure:3782: result: yes
configure:3802: checking whether make supports the include directive
configure:3817: make -f confmf.GNU && cat confinc.out
this is the am__doit target
configure:3820: $? = 0
configure:3839: result: yes (GNU style)
configure:3864: checking dependency style of gcc
configure:3975: result: gcc3
configure:4022: checking build system type
configure:4036: result: x86_64-pc-linux-gnu
configure:4056: checking host system type
configure:4069: result: x86_64-pc-linux-gnu
configure:4110: checking how to print strings
configure:4137: result: printf
configure:4158: checking for a sed that does not truncate output
configure:4222: result: /usr/bin/sed
configure:4240: checking for grep that handles long lines and -e
configure:4298: result: /usr/bin/grep
configure:4303: checking for egrep
configure:4365: result: /usr/bin/grep -E
configure:4370: checking for fgrep
configure:4432: result: /usr/bin/grep -F
configure:4467: checking for ld used by gcc
configure:4534: result: /usr/bin/ld
configure:4541: checking if the linker (/usr/bin/ld) is GNU ld
configure:4556: result: yes
configure:4568: checking for BSD- or MS-compatible name lister (nm)
configure:4622: result: /usr/bin/nm -B
configure:4752: checking the name lister (/usr/bin/nm -B) interface
configure:4759: gcc -c -g -O2  conftest.c >&5
configure:4762: /usr/bin/nm -B "conftest.o"
configure:4765: output
0000000000000000 B some_variable
configure:4772: result: BSD nm
configure:4775: checking whether ln -s works
configure:4779: result: yes
configure:4787: checking the maximum length of command line arguments
configure:4918: result: 1572864
configure:4966: checking how to convert x86_64-pc-linux-gnu file names to x86_64-pc-linux-gnu format
configure:5006: result: func_convert_file_noop
configure:5013: checking how to convert x86_64-pc-linux-gnu file names to toolchain format
configure:5033: result: func_convert_file_noop
configure:5040: checking for /usr/bin/ld option to reload object files
configure:5047: result: -r
configure:5121: checking for objdump
configure:5137: found /usr/bin/objdump
configure:5148: result: objdump
configure:5180: checking how to recognize dependent libraries
configure:5380: result: pass_all
configure:5465: checking for dlltool
configure:5495: result: no
configure:5525: checking how to associate runtime and link libraries
configure:5552: result: printf %s\n
configure:5613: checking for ar
configure:5629: found /usr/bin/ar
configure:5640: result: ar
configure:5677: checking for archiver @FILE support
configure:5694: gcc -c -g -O2  conftest.c >&5
configure:5694: $? = 0
configure:5697: ar cru libconftest.a @conftest.lst >&5
ar: `u' modifier ignored since `D' is the default (see `U')
configure:5700: $? = 0
configure:5705: ar cru libconftest.a @conftest.lst >&5
ar: `u' modifier ignored since `D' is the default (see `U')
ar: conftest.o: No such file or directory
configure:5708: $? = 1
configure:5720: result: @
configure:5778: checking for strip
configure:5794: found /usr/bin/strip
configure:5805: result: strip
configure:5877: checking for ranlib
configure:5893: found /usr/bin/ranlib
configure:5904: result: ranlib
configure:6006: checking command to parse /usr/bin/nm -B output from gcc object
configure:6159: gcc -c -g -O2  conftest.c >&5
configure:6162: $? = 0
configure:6166: /usr/bin/nm -B conftest.o | sed -n -e 's/^.*[	 ]\([ABCDGIRSTW][ABCDGIRSTW]*\)[	 ][	 ]*\([_A-Za-z][_A-Za-z0-9]*\)$/\1 \2 \2/p' | sed '/ __gnu_lto/d' > conftest.nm
configure:6232: gcc -o conftest -g -O2   conftest.c conftstm.o >&5
configure:6235: $? = 0
configure:6273: result: ok
configure:6320: checking for sysroot
configure:6350: result: no
configure:6357: checking for a working dd
configure:6395: result: /usr/bin/dd
configure:6399: checking how to truncate binary pipes
configure:6414: result: /usr/bin/dd bs=4096 count=1
configure:6550: gcc -c -g -O2  conftest.c >&5
configure:6553: $? = 0
configure:6743: checking for mt
configure:6759: found /usr/bin/mt
configure:6770: result: mt
configure:6793: checking if mt is a manifest tool
configure:6799: mt '-?'
configure:6807: result: no
configure:7484: checking how to run the C preprocessor
configure:7515: gcc -E  conftest.c
configure:7515: $? = 0
configure:7529: gcc -E  conftest.c
conftest.c:11:10: fatal error: ac_nonexistent.h: No such file or directory
   11 | #include <ac_nonexistent.h>
      |          ^~~~~~~~~~~~~~~~~~
compilation terminated.
configure:7529: $? = 1
configure: failed program was:
| /* confdefs.h */
| #define PACKAGE_NAME "editline"
| #define PACKAGE_TARNAME "editline"
| #define PACKAGE_VERSION "1.17.1"
| #define PACKAGE_STRING "editline 1.17.1"
| #define PACKAGE_BUGREPORT "https://github.com/troglobit/editline/issues"
| #define PACKAGE_URL ""
| #define PACKAGE "editline"
| #define VERSION "1.17.1"
| /* end confdefs.h.  */
| #include <ac_nonexistent.h>
configure:7554: result: gcc -E
configure:7574: gcc -E  conftest.c
configure:7574: $? = 0
configure:7588: gcc -E  conftest.c
conftest.c:11:10: fatal error: ac_nonexistent.h: No such file or directory
   11 | #include <ac_nonexistent.h>
      |          ^~~~~~~~~~~~~~~~~~
compilation terminated.
configure:7588: $? = 1
configure: failed program was:
| /* confdefs.h */
| #define PACKAGE_NAME "editline"
| #define PACKAGE_TARNAME "editline"
| #define PACKAGE_VERSION "1.17.1"
| #define PACKAGE_STRING "editline 1.17.1"
| #define PACKAGE_BUGREPORT "https://github.com/troglobit/editline/issues"
| #define PACKAGE_URL ""
| #define PACKAGE "editline"
| #define VERSION "1.17.1"
| /* end confdefs.h.  */
| #include <ac_nonexistent.h>
configure:7617: checking for ANSI C header files
configure:7637: gcc -c -g -O2  conftest.c >&5
configure:7637: $? = 0
configure:7710: gcc -o conftest -g -O2   conftest.c  >&5
configure:7710: $? = 0
configure:7710: ./conftest
configure:7710: $? = 0
configure:7721: result: yes
configure:7734: checking for sys/types.h
configure:7734: gcc -c -g -O2  conftest.c >&5
configure:7734: $? = 0
configure:7734: result: yes
configure:7734: checking for sys/stat.h
configure:7734: gcc -c -g -O2  conftest.c >&5
configure:7734: $? = 0
configure:7734: result: yes
configure:7734: checking for stdlib.h
configure:7734: gcc -c -g -O2  conftest.c >&5
configure:7734: $? = 0
configure:7734: result: yes
configure:7734: checking for string.h
configure:7734: gcc -c -g -O2  conftest.c >&5
configure:7734: $? = 0
configure:7734: result: yes
configure:7734: checking for memory.h
configure:7734: gcc -c -g -O2  conftest.c >&5
configure:7734: $? = 0
configure:7734: result: yes
configure:7734: checking for strings.h
configure:7734: gcc -c -g -O2  conftest.c >&5
configure:7734: $? = 0
configure:7734: result: yes
configure:7734: checking for inttypes.h
configure:7734: gcc -c -g -O2  conftest.c >&5
configure:7734: $? = 0
configure:7734: result: yes
configure:7734: checking for stdint.h
configure:7734: gcc -c -g -O2  conftest.c >&5
configure:7734: $? = 0
configure:7734: result: yes
configure:7734: checking for unistd.h
configure:7734: gcc -c -g -O2  conftest.c >&5
configure:7734: $? = 0
configure:7734: result: yes
configure:7748: checking for dlfcn.h
configure:7748: gcc -c -g -O2  conftest.c >&5
configure:7748: $? = 0
configure:7748: result: yes
configure:8004: checking for objdir
configure:8019: result: .libs
configure:8283: checking if gcc supports -fno-rtti -fno-exceptions
configure:8301: gcc -c -g -O2  -fno-rtti -fno-exceptions conftest.c >&5
cc1: warning: command-line option '-fno-rtti' is valid for C++/D/ObjC++ but not for C
configure:8305: $? = 0
configure:8318: result: no
configure:8676: checking for gcc option to produce PIC
configure:8683: result: -fPIC -DPIC
configure:8691: checking if gcc PIC flag -fPIC -DPIC works
configure:8709: gcc -c -g -O2  -fPIC -DPIC -DPIC conftest.c >&5
configure:8713: $? = 0
configure:8726: result: yes
configure:8755: checking if gcc static flag -static works
configure:8783: result: yes
configure:8798: checking if gcc supports -c -o file.o
configure:8819: gcc -c -g -O2  -o out/conftest2.o conftest.c >&5
configure:8823: $? = 0
configure:8845: result: yes
configure:8853: checking if gcc supports -c -o file.o
configure:8900: result: yes
configure:8933: checking whether the gcc linker (/usr/bin/ld -m elf_x86_64) supports shared libraries
configure:10196: result: yes
configure:10233: checking whether -lc should be explicitly linked in
configure:10241: gcc -c -g -O2  conftest.c >&5
configure:10244: $? = 0
configure:10259: gcc -shared  -fPIC -DPIC conftest.o  -v -Wl,-soname -Wl,conftest -o conftest 2\>\&1 \| /usr/bin/grep  -lc  \>/dev/null 2\>\&1
configure:10262: $? = 0
configure:10276: result: no
configure:10436: checking dynamic linker characteristics
configure:11017: gcc -o conftest -g -O2   -Wl,-rpath -Wl,/foo conftest.c  >&5
configure:11017: $? = 0
configure:11266: result: GNU/Linux ld.so
configure:11388: checking how to hardcode library paths into programs
configure:11413: result: immediate
configure:11961: checking whether stripping libraries is possible
configure:11966: result: yes
configure:12001: checking if libtool supports shared libraries
configure:12003: result: yes
configure:12006: checking whether to build shared libraries
configure:12031: result: yes
configure:12034: checking whether to build static libraries
configure:12038: result: yes
configure:12080: checking for dirent.h that defines DIR
configure:12099: gcc -c -g -O2  conftest.c >&5
configure:12099: $? = 0
configure:12107: result: yes
configure:12120: checking for library containing opendir
configure:12151: gcc -o conftest -g -O2   conftest.c  >&5
configure:12151: $? = 0
configure:12168: result: none required
configure:12235: checking whether stat file-mode macros are broken
configure:12262: gcc -c -g -O2  conftest.c >&5
configure:12262: $? = 0
configure:12269: result: no
configure:12277: checking for ANSI C header files
configure:12381: result: yes
configure:12394: checking malloc.h usability
configure:12394: gcc -c -g -O2  conftest.c >&5
configure:12394: $? = 0
configure:12394: result: yes
configure:12394: checking malloc.h presence
configure:12394: gcc -E  conftest.c
configure:12394: $? = 0
configure:12394: result: yes
configure:12394: checking for malloc.h
configure:12394: result: yes
configure:12394: checking signal.h usability
configure:12394: gcc -c -g -O2  conftest.c >&5
configure:12394: $? = 0
configure:12394: result: yes
configure:12394: checking signal.h presence
configure:12394: gcc -E  conftest.c
configure:12394: $? = 0
configure:12394: result: yes
configure:12394: checking for signal.h
configure:12394: result: yes
configure:12394: checking for stdlib.h
configure:12394: result: yes
configure:12394: checking for string.h
configure:12394: result: yes
configure:12394: checking termcap.h usability
configure:12394: gcc -c -g -O2  conftest.c >&5
conftest.c:62:10: fatal error: termcap.h: No such file or directory
   62 | #include <termcap.h>
      |          ^~~~~~~~~~~
compilation terminated.
configure:12394: $? = 1
configure: failed program was:
| /* confdefs.h */
| #define PACKAGE_NAME "editline"
| #define PACKAGE_TARNAME "editline"
| #define PACKAGE_VERSION "1.17.1"
| #define PACKAGE_STRING "editline 1.17.1"
| #define PACKAGE_BUGREPORT "https://github.com/troglobit/editline/issues"
| #define PACKAGE_URL ""
| #define PACKAGE "editline"
| #define VERSION "1.17.1"
| #define STDC_HEADERS 1
| #define HAVE_SYS_TYPES_H 1
| #define HAVE_SYS_STAT_H 1
| #define HAVE_STDLIB_H 1
| #define HAVE_STRING_H 1
| #define HAVE_MEMORY_H 1
| #define HAVE_STRINGS_H 1
| #define HAVE_INTTYPES_H 1
| #define HAVE_STDINT_H 1
| #define HAVE_UNISTD_H 1
| #define HAVE_DLFCN_H 1
| #define LT_OBJDIR ".libs/"
| #define HAVE_DIRENT_H 1
| #define STDC_HEADERS 1
| #define HAVE_MALLOC_H 1
| #define HAVE_SIGNAL_H 1
| #define HAVE_STDLIB_H 1
| #define HAVE_STRING_H 1
| /* end confdefs.h.  */
| #include <stdio.h>
| #ifdef HAVE_SYS_TYPES_H
| # include <sys/types.h>
| #endif
| #ifdef HAVE_SYS_STAT_H
| # include <sys/stat.h>
| #endif
| #ifdef STDC_HEADERS
| # include <stdlib.h>
| # include <stddef.h>
| #else
| # ifdef HAVE_STDLIB_H
| #  include <stdlib.h>
| # endif
| #endif
| #ifdef HAVE_STRING_H
| # if !defined STDC_HEADERS && defined HAVE_MEMORY_H
| #  include <memory.h>
| # endif
| # include <string.h>
| #endif
| #ifdef HAVE_STRINGS_H
| # include <strings.h>
| #endif
| #ifdef HAVE_INTTYPES_H
| # include <inttypes.h>
| #endif
| #ifdef HAVE_STDINT_H
| # include <stdint.h>
| #endif
| #ifdef HAVE_UNISTD_H
| # include <unistd.h>
| #endif
| #include <termcap.h>
configure:12394: result: no
configure:12394: checking termcap.h presence
configure:12394: gcc -E  conftest.c
conftest.c:29:10: fatal error: termcap.h: No such file or directory
   29 | #include <termcap.h>
      |          ^~~~~~~~~~~
compilation terminated.
configure:12394: $? = 1
configure: failed program was:
| /* confdefs.h */
| #define PACKAGE_NAME "editline"
| #define PACKAGE_TARNAME "editline"
| #define PACKAGE_VERSION "1.17.1"
| #define PACKAGE_STRING "editline 1.17.1"
| #define PACKAGE_BUGREPORT "https://github.com/troglobit/editline/issues"
| #define PACKAGE_URL ""
| #define PACKAGE "editline"
| #define VERSION "1.17.1"
| #define STDC_HEADERS 1
| #define HAVE_SYS_TYPES_H 1
| #define HAVE_SYS_STAT_H 1
| #define HAVE_STDLIB_H 1
| #define HAVE_STRING_H 1
| #define HAVE_MEMORY_H 1
| #define HAVE_STRINGS_H 1
| #define HAVE_INTTYPES_H 1
| #define HAVE_STDINT_H 1
| #define HAVE_UNISTD_H 1
| #define HAVE_DLFCN_H 1
| #define LT_OBJDIR ".libs/"
| #define HAVE_DIRENT_H 1
| #define STDC_HEADERS 1
| #define HAVE_MALLOC_H 1
| #define HAVE_SIGNAL_H 1
| #define HAVE_STDLIB_H 1
| #define HAVE_STRING_H 1
| /* end confdefs.h.  */
| #include <termcap.h>
configure:12394: result: no
configure:12394: checking for termcap.h
configure:12394: result: no
configure:12394: checking termio.h usability
configure:12394: gcc -c -g -O2  conftest.c >&5
configure:12394: $? = 0
configure:12394: result: yes
configure:12394: checking termio.h presence
configure:12394: gcc -E  conftest.c
configure:12394: $? = 0
configure:12394: result: yes
configure:12394: checking for termio.h
configure:12394: result: yes
configure:12394: checking termios.h usability
configure:12394: gcc -c -g -O2  conftest.c >&5
configure:12394: $? = 0
configure:12394: result: yes
configure:12394: checking termios.h presence
configure:12394: gcc -E  conftest.c
configure:12394: $? = 0
configure:12394: result: yes
configure:12394: checking for termios.h
configure:12394: result: yes
configure:12394: checking sgtty.h usability
configure:12394: gcc -c -g -O2  conftest.c >&5
configure:12394: $? = 0
configure:12394: result: yes
configure:12394: checking sgtty.h presence
configure:12394: gcc -E  conftest.c
configure:12394: $? = 0
configure:12394: result: yes
configure:12394: checking for sgtty.h
configure:12394: result: yes
configure:12394: checking for unistd.h
configure:12394: result: yes
configure:12406: checking whether termios.h defines TIOCGWINSZ
configure:12429: result: no
configure:12433: checking whether sys/ioctl.h defines TIOCGWINSZ
configure:12456: result: yes
configure:12471: checking for size_t
configure:12471: gcc -c -g -O2  conftest.c >&5
configure:12471: $? = 0
configure:12471: gcc -c -g -O2  conftest.c >&5
conftest.c: In function 'main':
conftest.c:71:21: error: expected expression before ')' token
   71 | if (sizeof ((size_t)))
      |                     ^
configure:12471: $? = 1
configure: failed program was:
| /* confdefs.h */
| #define PACKAGE_NAME "editline"
| #define PACKAGE_TARNAME "editline"
| #define PACKAGE_VERSION "1.17.1"
| #define PACKAGE_STRING "editline 1.17.1"
| #define PACKAGE_BUGREPORT "https://github.com/troglobit/editline/issues"
| #define PACKAGE_URL ""
| #define PACKAGE "editline"
| #define VERSION "1.17.1"
| #define STDC_HEADERS 1
| #define HAVE_SYS_TYPES_H 1
| #define HAVE_SYS_STAT_H 1
| #define HAVE_STDLIB_H 1
| #define HAVE_STRING_H 1
| #define HAVE_MEMORY_H 1
| #define HAVE_STRINGS_H 1
| #define HAVE_INTTYPES_H 1
| #define HAVE_STDINT_H 1
| #define HAVE_UNISTD_H 1
| #define HAVE_DLFCN_H 1
| #define LT_OBJDIR ".libs/"
| #define HAVE_DIRENT_H 1
| #define STDC_HEADERS 1
| #define HAVE_MALLOC_H 1
| #define HAVE_SIGNAL_H 1
| #define HAVE_STDLIB_H 1
| #define HAVE_STRING_H 1
| #define HAVE_TERMIO_H 1
| #define HAVE_TERMIOS_H 1
| #define HAVE_SGTTY_H 1
| #define HAVE_UNISTD_H 1
| #define GWINSZ_IN_SYS_IOCTL 1
| #define SYS_UNIX 1
| /* end confdefs.h.  */
| #include <stdio.h>
| #ifdef HAVE_SYS_TYPES_H
| # include <sys/types.h>
| #endif
| #ifdef HAVE_SYS_STAT_H
| # include <sys/stat.h>
| #endif
| #ifdef STDC_HEADERS
| # include <stdlib.h>
| # include <stddef.h>
| #else
| # ifdef HAVE_STDLIB_H
| #  include <stdlib.h>
| # endif
| #endif
| #ifdef HAVE_STRING_H
| # if !defined STDC_HEADERS && defined HAVE_MEMORY_H
| #  include <memory.h>
| # endif
| # include <string.h>
| #endif
| #ifdef HAVE_STRINGS_H
| # include <strings.h>
| #endif
| #ifdef HAVE_INTTYPES_H
| # include <inttypes.h>
| #endif
| #ifdef HAVE_STDINT_H
| # include <stdint.h>
| #endif
| #ifdef HAVE_UNISTD_H
| # include <unistd.h>
| #endif
| int
| main ()
| {
| if (sizeof ((size_t)))
| 	    return 0;
|   ;
|   return 0;
| }
configure:12471: result: yes
configure:12484: checking whether closedir returns void
configure:12508: gcc -o conftest -g -O2   conftest.c  >&5
configure:12508: $? = 0
configure:12508: ./conftest
configure:12508: $? = 0
configure:12518: result: no
configure:12527: checking whether gcc needs -traditional
configure:12561: result: no
configure:12568: checking whether lstat correctly handles trailing slash
configure:12594: gcc -o conftest -g -O2   conftest.c  >&5
configure:12594: $? = 0
configure:12594: ./conftest
configure:12594: $? = 0
configure:12611: result: yes
configure:12630: checking whether stat accepts an empty string
configure:12650: gcc -o conftest -g -O2   conftest.c  >&5
configure:12650: $? = 0
configure:12650: ./conftest
configure:12650: $? = 0
configure:12660: result: no
configure:12679: checking for strchr
configure:12679: gcc -o conftest -g -O2   conftest.c  >&5
conftest.c:59:6: warning: conflicting types for built-in function 'strchr'; expected 'char *(const char *, int)' [-Wbuiltin-declaration-mismatch]
   59 | char strchr ();
      |      ^~~~~~
conftest.c:47:1: note: 'strchr' is declared in header '<string.h>'
   46 | # include <limits.h>
   47 | #else
configure:12679: $? = 0
configure:12679: result: yes
configure:12679: checking for strdup
configure:12679: gcc -o conftest -g -O2   conftest.c  >&5
conftest.c:60:6: warning: conflicting types for built-in function 'strdup'; expected 'char *(const char *)' [-Wbuiltin-declaration-mismatch]
   60 | char strdup ();
      |      ^~~~~~
configure:12679: $? = 0
configure:12679: result: yes
configure:12679: checking for strrchr
configure:12679: gcc -o conftest -g -O2   conftest.c  >&5
conftest.c:61:6: warning: conflicting types for built-in function 'strrchr'; expected 'char *(const char *, int)' [-Wbuiltin-declaration-mismatch]
   61 | char strrchr ();
      |      ^~~~~~~
conftest.c:49:1: note: 'strrchr' is declared in header '<string.h>'
   48 | # include <limits.h>
   49 | #else
configure:12679: $? = 0
configure:12679: result: yes
configure:12679: checking for tcgetattr
configure:12679: gcc -o conftest -g -O2   conftest.c  >&5
configure:12679: $? = 0
configure:12679: result: yes
configure:12679: checking for perror
configure:12679: gcc -o conftest -g -O2   conftest.c  >&5
configure:12679: $? = 0
configure:12679: result: yes
configure:13124: checking that generated files are newer than configure
configure:13130: result: done
configure:13153: creating ./config.status

## ---------------------- ##
## Running config.status. ##
## ---------------------- ##

This file was extended by editline config.status 1.17.1, which was
generated by GNU Autoconf 2.69.  Invocation command line was

  CONFIG_FILES    = 
  CONFIG_HEADERS  = 
  CONFIG_LINKS    = 
  CONFIG_COMMANDS = 
  $ ./config.status 

on somtos-hp-pavilion-14

config.status:1111: creating Makefile
config.status:1111: creating libeditline.pc
config.status:1111: creating src/Makefile
config.status:1111: creating include/Makefile
config.status:1111: creating man/Makefile
config.status:1111: creating examples/Makefile
config.status:1111: creating config.h
config.status:1340: executing depfiles commands
config.status:1417: cd src       && sed -e '/# am--include-marker/d' Makefile         | make -f - am--depfiles
config.status:1422: $? = 0
config.status:1417: cd examples       && sed -e '/# am--include-marker/d' Makefile         | make -f - am--depfiles
config.status:1422: $? = 0
config.status:1340: executing libtool commands

## ---------------- ##
## Cache variables. ##
## ---------------- ##

ac_cv_build=x86_64-pc-linux-gnu
ac_cv_c_compiler_gnu=yes
ac_cv_env_CC_set=
ac_cv_env_CC_value=
ac_cv_env_CFLAGS_set=
ac_cv_env_CFLAGS_value=
ac_cv_env_CPPFLAGS_set=
ac_cv_env_CPPFLAGS_value=
ac_cv_env_CPP_set=
ac_cv_env_CPP_value=
ac_cv_env_LDFLAGS_set=
ac_cv_env_LDFLAGS_value=
ac_cv_env_LIBS_set=
ac_cv_env_LIBS_value=
ac_cv_env_LT_SYS_LIBRARY_PATH_set=
ac_cv_env_LT_SYS_LIBRARY_PATH_value=
ac_cv_env_build_alias_set=
ac_cv_env_build_alias_value=
ac_cv_env_host_alias_set=
ac_cv_env_host_alias_value=
ac_cv_env_target_alias_set=
ac_cv_env_target_alias_value=
ac_cv_func_closedir_void=no
ac_cv_func_lstat_dereferences_slashed_symlink=yes
ac_cv_func_perror=yes
ac_cv_func_stat_empty_string_bug=no
ac_cv_func_strchr=yes
ac_cv_func_strdup=yes
ac_cv_func_strrchr=yes
ac_cv_func_tcgetattr=yes
ac_cv_header_dirent_dirent_h=yes
ac_cv_header_dlfcn_h=yes
ac_cv_header_inttypes_h=yes
ac_cv_header_malloc_h=yes
ac_cv_header_memory_h=yes
ac_cv_header_sgtty_h=yes
ac_cv_header_signal_h=yes
ac_cv_header_stat_broken=no
ac_cv_header_stdc=yes
ac_cv_header_stdint_h=yes
ac_cv_header_stdlib_h=yes
ac_cv_header_string_h=yes
ac_cv_header_strings_h=yes
ac_cv_header_sys_stat_h=yes
ac_cv_header_sys_types_h=yes
ac_cv_header_termcap_h=no
ac_cv_header_termio_h=yes
ac_cv_header_termios_h=yes
ac_cv_header_unistd_h=yes
ac_cv_host=x86_64-pc-linux-gnu
ac_cv_objext=o
ac_cv_path_EGREP='/usr/bin/grep -E'
ac_cv_path_FGREP='/usr/bin/grep -F'
ac_cv_path_GREP=/usr/bin/grep
ac_cv_path_SED=/usr/bin/sed
ac_cv_path_install='/usr/bin/install -c'
ac_cv_path_lt_DD=/usr/bin/dd
ac_cv_path_mkdir=/usr/bin/mkdir
ac_cv_prog_AWK=mawk
ac_cv_prog_CPP='gcc -E'
ac_cv_prog_ac_ct_AR=ar
ac_cv_prog_ac_ct_CC=gcc
ac_cv_prog_ac_ct_MANIFEST_TOOL=mt
ac_cv_prog_ac_ct_OBJDUMP=objdump
ac_cv_prog_ac_ct_RANLIB=ranlib
ac_cv_prog_ac_ct_STRIP=strip
ac_cv_prog_cc_c89=
ac_cv_prog_cc_g=yes
ac_cv_prog_gcc_traditional=no
ac_cv_prog_make_make_set=yes
ac_cv_search_opendir='none required'
ac_cv_sys_tiocgwinsz_in_sys_ioctl_h=yes
ac_cv_sys_tiocgwinsz_in_termios_h=no
ac_cv_type_size_t=yes
am_cv_CC_dependencies_compiler_type=gcc3
am_cv_make_support_nested_variables=yes
am_cv_prog_cc_c_o=yes
lt_cv_ar_at_file=@
lt_cv_archive_cmds_need_lc=no
lt_cv_deplibs_check_method=pass_all
lt_cv_file_magic_cmd='$MAGIC_CMD'
lt_cv_file_magic_test_file=
lt_cv_ld_reload_flag=-r
lt_cv_nm_interface='BSD nm'
lt_cv_objdir=.libs
lt_cv_path_LD=/usr/bin/ld
lt_cv_path_NM='/usr/bin/nm -B'
lt_cv_path_mainfest_tool=no
lt_cv_prog_compiler_c_o=yes
lt_cv_prog_compiler_pic='-fPIC -DPIC'
lt_cv_prog_compiler_pic_works=yes
lt_cv_prog_compiler_rtti_exceptions=no
lt_cv_prog_compiler_static_works=yes
lt_cv_prog_gnu_ld=yes
lt_cv_sharedlib_from_linklib_cmd='printf %s\n'
lt_cv_shlibpath_overrides_runpath=yes
lt_cv_sys_global_symbol_pipe='sed -n -e '\''s/^.*[	 ]\([ABCDGIRSTW][ABCDGIRSTW]*\)[	 ][	 ]*\([_A-Za-z][_A-Za-z0-9]*\)$/\1 \2 \2/p'\'' | sed '\''/ __gnu_lto/d'\'''
lt_cv_sys_global_symbol_to_c_name_address='sed -n -e '\''s/^: \(.*\) .*$/  {"\1", (void *) 0},/p'\'' -e '\''s/^[ABCDGIRSTW][ABCDGIRSTW]* .* \(.*\)$/  {"\1", (void *) \&\1},/p'\'''
lt_cv_sys_global_symbol_to_c_name_address_lib_prefix='sed -n -e '\''s/^: \(.*\) .*$/  {"\1", (void *) 0},/p'\'' -e '\''s/^[ABCDGIRSTW][ABCDGIRSTW]* .* \(lib.*\)$/  {"\1", (void *) \&\1},/p'\'' -e '\''s/^[ABCDGIRSTW][ABCDGIRSTW]* .* \(.*\)$/  {"lib\1", (void *) \&\1},/p'\'''
lt_cv_sys_global_symbol_to_cdecl='sed -n -e '\''s/^T .* \(.*\)$/extern int \1();/p'\'' -e '\''s/^[ABCDGIRSTW][ABCDGIRSTW]* .* \(.*\)$/extern char \1;/p'\'''
lt_cv_sys_global_symbol_to_import=
lt_cv_sys_max_cmd_len=1572864
lt_cv_to_host_file_cmd=func_convert_file_noop
lt_cv_to_tool_file_cmd=func_convert_file_noop
lt_cv_truncate_bin='/usr/bin/dd bs=4096 count=1'

## ----------------- ##
## Output variables. ##
## ----------------- ##

ACLOCAL='${SHELL} /home/somto/Dev/c-interpreter/libs/editline-1.17.1/aux/missing aclocal-1.16'
AMDEPBACKSLASH='\'
AMDEP_FALSE='#'
AMDEP_TRUE=''
AMTAR='$${TAR-tar}'
AM_BACKSLASH='\'
AM_DEFAULT_V='$(AM_DEFAULT_VERBOSITY)'
AM_DEFAULT_VERBOSITY='0'
AM_V='$(V)'
AR='ar'
AUTOCONF='${SHELL} /home/somto/Dev/c-interpreter/libs/editline-1.17.1/aux/missing autoconf'
AUTOHEADER='${SHELL} /home/somto/Dev/c-interpreter/libs/editline-1.17.1/aux/missing autoheader'
AUTOMAKE='${SHELL} /home/somto/Dev/c-interpreter/libs/editline-1.17.1/aux/missing automake-1.16'
AWK='mawk'
CC='gcc'
CCDEPMODE='depmode=gcc3'
CFLAGS='-g -O2'
CPP='gcc -E'
CPPFLAGS=''
CYGPATH_W='echo'
DEFS='-DHAVE_CONFIG_H'
DEPDIR='.deps'
DLLTOOL='false'
DSYMUTIL=''
DUMPBIN=''
ECHO_C=''
ECHO_N='-n'
ECHO_T=''
EGREP='/usr/bin/grep -E'
EXEEXT=''
FGREP='/usr/bin/grep -F'
GREP='/usr/bin/grep'
INSTALL_DATA='${INSTALL} -m 644'
INSTALL_PROGRAM='${INSTALL}'
INSTALL_SCRIPT='${INSTALL}'
INSTALL_STRIP_PROGRAM='$(install_sh) -c -s'
LD='/usr/bin/ld -m elf_x86_64'
LDFLAGS=''
LIBOBJS=''
LIBS=''
LIBTOOL='$(SHELL) $(top_builddir)/libtool'
LIPO=''
LN_S='ln -s'
LTLIBOBJS=''
LT_SYS_LIBRARY_PATH=''
MAKEINFO='${SHELL} /home/somto/Dev/c-interpreter/libs/editline-1.17.1/aux/missing makeinfo'
MANIFEST_TOOL=':'
MKDIR_P='/usr/bin/mkdir -p'
NM='/usr/bin/nm -B'
NMEDIT=''
OBJDUMP='objdump'
OBJEXT='o'
OTOOL64=''
OTOOL=''
PACKAGE='editline'
PACKAGE_BUGREPORT='https://github.com/troglobit/editline/issues'
PACKAGE_NAME='editline'
PACKAGE_STRING='editline 1.17.1'
PACKAGE_TARNAME='editline'
PACKAGE_URL=''
PACKAGE_VERSION='1.17.1'
PATH_SEPARATOR=':'
RANLIB='ranlib'
SED='/usr/bin/sed'
SET_MAKE=''
SHELL='/bin/bash'
STRIP='strip'
VERSION='1.17.1'
ac_ct_AR='ar'
ac_ct_CC='gcc'
ac_ct_DUMPBIN=''
am__EXEEXT_FALSE=''
am__EXEEXT_TRUE='#'
am__fastdepCC_FALSE='#'
am__fastdepCC_TRUE=''
am__include='include'
am__isrc=''
am__leading_dot='.'
am__nodep='_no'
am__quote=''
am__tar='$${TAR-tar} chof - "$$tardir"'
am__untar='$${TAR-tar} xf -'
bindir='${exec_prefix}/bin'
build='x86_64-pc-linux-gnu'
build_alias=''
build_cpu='x86_64'
build_os='linux-gnu'
build_vendor='pc'
datadir='${datarootdir}'
datarootdir='${prefix}/share'
docdir='${datarootdir}/doc/${PACKAGE_TARNAME}'
dvidir='${docdir}'
exec_prefix='${prefix}'
host='x86_64-pc-linux-gnu'
host_alias=''
host_cpu='x86_64'
host_os='linux-gnu'
host_vendor='pc'
htmldir='${docdir}'
includedir='${prefix}/include'
infodir='${datarootdir}/info'
install_sh='${SHELL} /home/somto/Dev/c-interpreter/libs/editline-1.17.1/aux/install-sh'
libdir='${exec_prefix}/lib'
libexecdir='${exec_prefix}/libexec'
localedir='${datarootdir}/locale'
localstatedir='${prefix}/var'
mandir='${datarootdir}/man'
mkdir_p='$(MKDIR_P)'
oldincludedir='/usr/include'
pdfdir='${docdir}'
prefix='/usr/local'
program_transform_name='s,x,x,'
psdir='${docdir}'
runstatedir='${localstatedir}/run'
sbindir='${exec_prefix}/sbin'
sharedstatedir='${prefix}/com'
sysconfdir='${prefix}/etc'
target_alias=''

## ----------- ##
## confdefs.h. ##
## ----------- ##

/* confdefs.h */
#define PACKAGE_NAME "editline"
#define PACKAGE_TARNAME "editline"
#define PACKAGE_VERSION "1.17.1"
#define PACKAGE_STRING "editline 1.17.1"
#define PACKAGE_BUGREPORT "https://github.com/troglobit/editline/issues"
#define PACKAGE_URL ""
#define PACKAGE "editline"
#define VERSION "1.17.1"
#define STDC_HEADERS 1
#define HAVE_SYS_TYPES_H 1
#define HAVE_SYS_STAT_H 1
#define HAVE_STDLIB_H 1
#define HAVE_STRING_H 1
#define HAVE_MEMORY_H 1
#define HAVE_STRINGS_H 1
#define HAVE_INTTYPES_H 1
#define HAVE_STDINT_H 1
#define HAVE_UNISTD_H 1
#define HAVE_DLFCN_H 1
#define LT_OBJDIR ".libs/"
#define HAVE_DIRENT_H 1
#define STDC_HEADERS 1
#define HAVE_MALLOC_H 1
#define HAVE_SIGNAL_H 1
#define HAVE_STDLIB_H 1
#define HAVE_STRING_H 1
#define HAVE_TERMIO_H 1
#define HAVE_TERMIOS_H 1
#define HAVE_SGTTY_H 1
#define HAVE_UNISTD_H 1
#define GWINSZ_IN_SYS_IOCTL 1
#define SYS_UNIX 1
#define LSTAT_FOLLOWS_SLASHED_SYMLINK 1
#define HAVE_STRCHR 1
#define HAVE_STRDUP 1
#define HAVE_STRRCHR 1
#define HAVE_TCGETATTR 1
#define HAVE_PERROR 1
#define CONFIG_UNIQUE_HISTORY 1
#define CONFIG_ANSI_ARROWS 1
#define CONFIG_EOF 1
#define CONFIG_SIGINT 1

configure: exit 0
